<?xml version="1.0" encoding="UTF-8"?>
<coverage generated="1558351823238" clover="3.2.0">
  <project timestamp="1558351823238" name="All files">
    <metrics statements="8" coveredstatements="8" conditionals="9" coveredconditionals="4" methods="1" coveredmethods="1" elements="18" coveredelements="13" complexity="0" loc="8" ncloc="8" packages="1" files="1" classes="1"/>
    <file name="index.js" path="/Users/bogdanlargeanu/Documents/TuringGrow/Training/and-workshop-automated-testing/lab-2-improve-code/src/index.js">
      <metrics statements="8" coveredstatements="8" conditionals="9" coveredconditionals="4" methods="1" coveredmethods="1"/>
      <line num="2" count="1" type="cond" truecount="0" falsecount="1"/>
      <line num="3" count="4" type="cond" truecount="1" falsecount="1"/>
      <line num="4" count="4" type="stmt"/>
      <line num="7" count="4" type="stmt"/>
      <line num="9" count="4" type="stmt"/>
      <line num="10" count="4" type="cond" truecount="2" falsecount="2"/>
      <line num="12" count="4" type="cond" truecount="1" falsecount="1"/>
      <line num="14" count="4" type="stmt"/>
    </file>
  </project>
</coverage>
