{"/Users/bogdanlargeanu/Documents/TuringGrow/Training/and-workshop-automated-testing/lab-2-improve-code/src/index.js": {"path":"/Users/bogdanlargeanu/Documents/TuringGrow/Training/and-workshop-automated-testing/lab-2-improve-code/src/index.js","statementMap":{"0":{"start":{"line":2,"column":0},"end":{"line":14,"column":33}},"1":{"start":{"line":3,"column":2},"end":{"line":5,"column":3}},"2":{"start":{"line":4,"column":4},"end":{"line":4,"column":12}},"3":{"start":{"line":7,"column":0},"end":{"line":7,"column":16}},"4":{"start":{"line":9,"column":2},"end":{"line":9,"column":12}},"5":{"start":{"line":10,"column":2},"end":{"line":10,"column":115}},"6":{"start":{"line":10,"column":18},"end":{"line":10,"column":113}},"7":{"start":{"line":12,"column":4},"end":{"line":12,"column":66}},"8":{"start":{"line":12,"column":37},"end":{"line":12,"column":66}},"9":{"start":{"line":14,"column":2},"end":{"line":14,"column":32}}},"fnMap":{"0":{"name":"greeting","decl":{"start":{"line":2,"column":26},"end":{"line":2,"column":34}},"loc":{"start":{"line":2,"column":52},"end":{"line":14,"column":33}},"line":2}},"branchMap":{"0":{"loc":{"start":{"line":2,"column":35},"end":{"line":2,"column":50}},"type":"default-arg","locations":[{"start":{"line":2,"column":39},"end":{"line":2,"column":50}}],"line":2},"1":{"loc":{"start":{"line":3,"column":2},"end":{"line":5,"column":3}},"type":"if","locations":[{"start":{"line":3,"column":2},"end":{"line":5,"column":3}},{"start":{"line":3,"column":2},"end":{"line":5,"column":3}}],"line":3},"2":{"loc":{"start":{"line":10,"column":40},"end":{"line":10,"column":111}},"type":"cond-expr","locations":[{"start":{"line":10,"column":66},"end":{"line":10,"column":74}},{"start":{"line":10,"column":77},"end":{"line":10,"column":110}}],"line":10},"3":{"loc":{"start":{"line":10,"column":77},"end":{"line":10,"column":110}},"type":"cond-expr","locations":[{"start":{"line":10,"column":103},"end":{"line":10,"column":105}},{"start":{"line":10,"column":106},"end":{"line":10,"column":110}}],"line":10},"4":{"loc":{"start":{"line":12,"column":4},"end":{"line":12,"column":66}},"type":"if","locations":[{"start":{"line":12,"column":4},"end":{"line":12,"column":66}},{"start":{"line":12,"column":4},"end":{"line":12,"column":66}}],"line":12}},"s":{"0":1,"1":4,"2":4,"3":4,"4":4,"5":4,"6":4,"7":4,"8":0,"9":4},"f":{"0":4},"b":{"0":[0],"1":[4,0],"2":[0,4],"3":[4,0],"4":[0,4]},"_coverageSchema":"43e27e138ebf9cfc5966b082cf9a028302ed4184","hash":"10a3717e4b99a2ef773d77f0ce5993ac30aa8ca1"}
}
